<?xml version="1.0" encoding="UTF-8"?>
<!-- Generated by org.testng.reporters.JUnitReportReporter -->
<testsuite skipped="0" hostname="DT08023" name="Test.SecondTest" tests="2" failures="0" timestamp="2022-04-01T09:41:13 IST" time="9.271" errors="0">
  <testcase name="Login" time="0.012" classname="Test.SecondTest"/>
  <system-out/>
  <testcase name="Testtwo" time="9.259" classname="Test.SecondTest"/>
  <system-out/>
</testsuite> <!-- Test.SecondTest -->
