<?xml version="1.0" encoding="UTF-8"?>
<!-- Generated by org.testng.reporters.JUnitReportReporter -->
<testsuite skipped="0" hostname="DT08023" name="Test.LoginTest" tests="1" failures="0" timestamp="2022-04-01T10:59:47 IST" time="14.008" errors="0">
  <testcase name="login" time="14.008" classname="Test.LoginTest"/>
  <system-out/>
</testsuite> <!-- Test.LoginTest -->
