<?xml version="1.0" encoding="UTF-8"?>
<!-- Generated by org.testng.reporters.JUnitReportReporter -->
<testsuite skipped="0" hostname="DT08023" name="Test.AddQuestionTest" tests="1" failures="0" timestamp="2022-04-01T09:41:13 IST" time="31.274" errors="0">
  <testcase name="addCatalogue" time="31.274" classname="Test.AddQuestionTest"/>
  <system-out/>
</testsuite> <!-- Test.AddQuestionTest -->
