<?xml version="1.0" encoding="UTF-8"?>
<!-- Generated by org.testng.reporters.JUnitReportReporter -->
<testsuite skipped="0" hostname="DT08023" name="runner.Runner" tests="1" failures="0" timestamp="2022-04-01T11:26:33 IST" time="17.045" errors="0">
  <testcase name="runScenario" time="17.045" classname="runner.Runner"/>
  <system-out/>
</testsuite> <!-- runner.Runner -->
