<?xml version="1.0" encoding="UTF-8"?>
<!-- Generated by org.testng.reporters.JUnitReportReporter -->
<testsuite hostname="DT08023" failures="0" tests="1" name="runner.Runner" time="28.955" errors="0" timestamp="2022-04-01T12:02:16 IST" skipped="0">
  <testcase classname="runner.Runner" name="runScenario" time="28.955"/>
  <system-out/>
</testsuite> <!-- runner.Runner -->
