<?xml version="1.0" encoding="UTF-8"?>
<!-- Generated by org.testng.reporters.JUnitReportReporter -->
<testsuite hostname="DT08023" failures="0" tests="1" name="Test.LoginTest" time="61.139" errors="0" timestamp="2022-03-29T17:40:17 IST" skipped="0">
  <testcase classname="Test.LoginTest" name="Login" time="61.139"/>
  <system-out/>
</testsuite> <!-- Test.LoginTest -->
