<?xml version="1.0" encoding="UTF-8"?>
<!-- Generated by org.testng.reporters.JUnitReportReporter -->
<testsuite hostname="DT08023" failures="0" tests="2" name="Test.SecondTest" time="9.380" errors="0" timestamp="2022-04-01T12:01:12 IST" skipped="0">
  <testcase classname="Test.SecondTest" name="Login" time="0.010"/>
  <system-out/>
  <testcase classname="Test.SecondTest" name="Testtwo" time="9.370"/>
  <system-out/>
</testsuite> <!-- Test.SecondTest -->
