<?xml version="1.0" encoding="UTF-8"?>
<!-- Generated by org.testng.reporters.JUnitReportReporter -->
<testsuite hostname="DT08023" failures="0" tests="1" name="Test.AddCatalogueTest" time="28.346" errors="0" timestamp="2022-04-01T12:01:12 IST" skipped="0">
  <testcase classname="Test.AddCatalogueTest" name="addcatalogue" time="28.346"/>
  <system-out/>
</testsuite> <!-- Test.AddCatalogueTest -->
